Using pre-set license
Built from '2020.3/staging' branch; Version is '2020.3.0f1 (c7b5465681fb) revision 13088070'; Using compiler version '192528614'; Build Type 'Release'
OS: 'Windows 10 Home; OS build 19042.1165; Version 2009; 64bit' Language: 'pt' Physical Memory: 16310 MB
BatchMode: 1, IsHumanControllingUs: 0, StartBugReporterOnCrash: 0, Is64bit: 1, IsPro: 0

 COMMAND LINE ARGUMENTS:
C:\Program Files\Unity\Hub\Editor\2020.3.0f1\Editor\Unity.exe
-adb2
-batchMode
-noUpm
-name
AssetImportWorker1
-projectPath
D:/GameDev/Unity2D/GMTK Jam 2021 - Joined Together
-logFile
Logs/AssetImportWorker1.log
-srvPort
62465
Successfully changed project path to: D:/GameDev/Unity2D/GMTK Jam 2021 - Joined Together
D:/GameDev/Unity2D/GMTK Jam 2021 - Joined Together
Using Asset Import Pipeline V2.
Refreshing native plugins compatible for Editor in 33.65 ms, found 1 plugins.
Preloading 0 native plugins for Editor in 0.00 ms.
Initialize engine version: 2020.3.0f1 (c7b5465681fb)
[Subsystems] Discovering subsystems at path C:/Program Files/Unity/Hub/Editor/2020.3.0f1/Editor/Data/Resources/UnitySubsystems
[Subsystems] Discovering subsystems at path D:/GameDev/Unity2D/GMTK Jam 2021 - Joined Together/Assets
GfxDevice: creating device client; threaded=0
Direct3D:
    Version:  Direct3D 11.0 [level 11.1]
    Renderer: NVIDIA GeForce RTX 3070 (ID=0x2484)
    Vendor:   
    VRAM:     8043 MB
    Driver:   30.0.14.7168
Initialize mono
Mono path[0] = 'C:/Program Files/Unity/Hub/Editor/2020.3.0f1/Editor/Data/Managed'
Mono path[1] = 'C:/Program Files/Unity/Hub/Editor/2020.3.0f1/Editor/Data/MonoBleedingEdge/lib/mono/unityjit'
Mono config path = 'C:/Program Files/Unity/Hub/Editor/2020.3.0f1/Editor/Data/MonoBleedingEdge/etc'
Using monoOptions --debugger-agent=transport=dt_socket,embedding=1,server=y,suspend=n,address=127.0.0.1:56476
Begin MonoManager ReloadAssembly
Registering precompiled unity dll's ...
Register platform support module: C:/Program Files/Unity/Hub/Editor/2020.3.0f1/Editor/Data/PlaybackEngines/WebGLSupport/UnityEditor.WebGL.Extensions.dll
Register platform support module: C:/Program Files/Unity/Hub/Editor/2020.3.0f1/Editor/Data/PlaybackEngines/WindowsStandaloneSupport/UnityEditor.WindowsStandalone.Extensions.dll
Registered in 0.001662 seconds.
Native extension for WindowsStandalone target not found
Native extension for WebGL target not found
Refreshing native plugins compatible for Editor in 34.80 ms, found 1 plugins.
Preloading 0 native plugins for Editor in 0.00 ms.
Invoked RoslynAnalysisRunner static constructor.
RoslynAnalysisRunner will not be running.
RoslynAnalysisRunner has terminated.
Mono: successfully reloaded assembly
- Completed reload, in  0.951 seconds
Platform modules already initialized, skipping
Registering precompiled user dll's ...
Registered in 0.000495 seconds.
Begin MonoManager ReloadAssembly
Native extension for WindowsStandalone target not found
Native extension for WebGL target not found
Refreshing native plugins compatible for Editor in 35.62 ms, found 1 plugins.
Preloading 0 native plugins for Editor in 0.00 ms.
Invoked RoslynAnalysisRunner static constructor.
RoslynAnalysisRunner will not be running.
RoslynAnalysisRunner has terminated.
Mono: successfully reloaded assembly
- Completed reload, in  0.628 seconds
Platform modules already initialized, skipping
========================================================================
Worker process is ready to serve import requests
Launched and connected shader compiler UnityShaderCompiler.exe after 0.03 seconds
Refreshing native plugins compatible for Editor in 0.56 ms, found 1 plugins.
Preloading 0 native plugins for Editor in 0.00 ms.
Unloading 1990 Unused Serialized files (Serialized files now loaded: 0)
System memory in use before: 92.9 MB.
System memory in use after: 92.9 MB.

Unloading 21 unused Assets to reduce memory usage. Loaded Objects now: 2438.
Total: 1.838000 ms (FindLiveObjects: 0.189400 ms CreateObjectMapping: 0.045700 ms MarkObjects: 1.534100 ms  DeleteObjects: 0.067900 ms)

========================================================================
Received Import Request.
  path: Assets/cartoon_squirt_04.wav
  artifactKey: Guid(47253ce80800d7942ba6a420f0491e08) Importer(815301076,1909f56bfc062723c751e8b465ee728b)
Start importing Assets/cartoon_squirt_04.wav using Guid(47253ce80800d7942ba6a420f0491e08) Importer(815301076,1909f56bfc062723c751e8b465ee728b)  -> (artifact id: '13f810c59804bd1aa430a7b39128d657') in 0.113937 seconds
  Import took 0.116809 seconds .

========================================================================
Received Import Request.
  Time since last request: 7.940507 seconds.
  path: Assets/water_splash_small_item_01.wav
  artifactKey: Guid(a41859e0e1906b34ba67025157a2fe77) Importer(815301076,1909f56bfc062723c751e8b465ee728b)
Start importing Assets/water_splash_small_item_01.wav using Guid(a41859e0e1906b34ba67025157a2fe77) Importer(815301076,1909f56bfc062723c751e8b465ee728b)  -> (artifact id: 'fe1293d019e95a256b864ca3c5102798') in 0.008450 seconds
  Import took 0.011354 seconds .

========================================================================
Received Import Request.
  Time since last request: 22.063576 seconds.
  path: Assets/Epic Toon FX/Prefabs/Combat/Blood/Red/BloodShowerLoop.prefab
  artifactKey: Guid(1e8e6d05067c77b479668df7a46b5f0f) Importer(815301076,1909f56bfc062723c751e8b465ee728b)
Start importing Assets/Epic Toon FX/Prefabs/Combat/Blood/Red/BloodShowerLoop.prefab using Guid(1e8e6d05067c77b479668df7a46b5f0f) Importer(815301076,1909f56bfc062723c751e8b465ee728b)  -> (artifact id: 'fe773c6ed12bc483de89f9827bb63e95') in 0.015776 seconds
  Import took 0.018690 seconds .

========================================================================
Received Import Request.
  Time since last request: 0.001431 seconds.
  path: Assets/Epic Toon FX/Prefabs/Combat/Blood/Red/BloodShowerLoop.prefab
  artifactKey: Guid(1e8e6d05067c77b479668df7a46b5f0f) Importer(815301076,1909f56bfc062723c751e8b465ee728b)
Start importing Assets/Epic Toon FX/Prefabs/Combat/Blood/Red/BloodShowerLoop.prefab using Guid(1e8e6d05067c77b479668df7a46b5f0f) Importer(815301076,1909f56bfc062723c751e8b465ee728b)  -> (artifact id: 'fe773c6ed12bc483de89f9827bb63e95') in 0.002583 seconds
  Import took 0.004533 seconds .

========================================================================
Received Import Request.
  Time since last request: 0.123468 seconds.
  path: Assets/Epic Toon FX/Prefabs/Combat/Blood/Red/BloodShowerLoop.prefab
  artifactKey: Guid(1e8e6d05067c77b479668df7a46b5f0f) Importer(815301076,1909f56bfc062723c751e8b465ee728b)
Start importing Assets/Epic Toon FX/Prefabs/Combat/Blood/Red/BloodShowerLoop.prefab using Guid(1e8e6d05067c77b479668df7a46b5f0f) Importer(815301076,1909f56bfc062723c751e8b465ee728b)  -> (artifact id: '9e86caa409579ce34168ad89b603f33b') in 0.003195 seconds
  Import took 0.005886 seconds .

========================================================================
Received Import Request.
  Time since last request: 0.596894 seconds.
  path: Assets/Epic Toon FX/Prefabs 2D/Blood/Red/BloodShowerLoop2D.prefab
  artifactKey: Guid(83c18340a7ab40841ab1bd9102120990) Importer(815301076,1909f56bfc062723c751e8b465ee728b)
Start importing Assets/Epic Toon FX/Prefabs 2D/Blood/Red/BloodShowerLoop2D.prefab using Guid(83c18340a7ab40841ab1bd9102120990) Importer(815301076,1909f56bfc062723c751e8b465ee728b)  -> (artifact id: '0029e0e20e70c5e18d2fe9b87d3428aa') in 0.006188 seconds
  Import took 0.009063 seconds .

========================================================================
Received Import Request.
  Time since last request: 0.064121 seconds.
  path: Assets/Epic Toon FX/Prefabs 2D/Blood/Red/BloodShowerLoop2D.prefab
  artifactKey: Guid(83c18340a7ab40841ab1bd9102120990) Importer(815301076,1909f56bfc062723c751e8b465ee728b)
Start importing Assets/Epic Toon FX/Prefabs 2D/Blood/Red/BloodShowerLoop2D.prefab using Guid(83c18340a7ab40841ab1bd9102120990) Importer(815301076,1909f56bfc062723c751e8b465ee728b)  -> (artifact id: 'de7141f42a03caf54036ae4969fafb3c') in 0.003228 seconds
  Import took 0.005827 seconds .

========================================================================
Received Import Request.
  Time since last request: 1.275349 seconds.
  path: Assets/Epic Toon FX/Prefabs 2D/Blood/Red/BloodSplatCritical2D.prefab
  artifactKey: Guid(0ebcd60dd020022408e53f535d12f313) Importer(815301076,1909f56bfc062723c751e8b465ee728b)
Start importing Assets/Epic Toon FX/Prefabs 2D/Blood/Red/BloodSplatCritical2D.prefab using Guid(0ebcd60dd020022408e53f535d12f313) Importer(815301076,1909f56bfc062723c751e8b465ee728b)  -> (artifact id: '32280b78ad31685d5ee6ce0669007a33') in 0.006179 seconds
  Import took 0.008991 seconds .

========================================================================
Received Import Request.
  Time since last request: 0.072753 seconds.
  path: Assets/Epic Toon FX/Prefabs 2D/Blood/Red/BloodSplatCritical2D.prefab
  artifactKey: Guid(0ebcd60dd020022408e53f535d12f313) Importer(815301076,1909f56bfc062723c751e8b465ee728b)
Start importing Assets/Epic Toon FX/Prefabs 2D/Blood/Red/BloodSplatCritical2D.prefab using Guid(0ebcd60dd020022408e53f535d12f313) Importer(815301076,1909f56bfc062723c751e8b465ee728b)  -> (artifact id: '116a101c981063018861356b98a848bc') in 0.003178 seconds
  Import took 0.006098 seconds .

========================================================================
Received Import Request.
  Time since last request: 202.418004 seconds.
  path: Assets/Epic Toon FX/Materials/Misc/Liquid/splat02_animated_3x3_AB.mat
  artifactKey: Guid(f7c5949bd4fc39b4da8b55816f159297) Importer(815301076,1909f56bfc062723c751e8b465ee728b)
Start importing Assets/Epic Toon FX/Materials/Misc/Liquid/splat02_animated_3x3_AB.mat using Guid(f7c5949bd4fc39b4da8b55816f159297) Importer(815301076,1909f56bfc062723c751e8b465ee728b)  -> (artifact id: '55f8fe5f9d22670a494ddbfd197a2789') in 0.029293 seconds
  Import took 0.037381 seconds .

========================================================================
Received Prepare
Registering precompiled user dll's ...
Registered in 0.000542 seconds.
Begin MonoManager ReloadAssembly
Native extension for WindowsStandalone target not found
Native extension for WebGL target not found
Refreshing native plugins compatible for Editor in 0.55 ms, found 1 plugins.
Preloading 0 native plugins for Editor in 0.00 ms.
Invoked RoslynAnalysisRunner static constructor.
RoslynAnalysisRunner will not be running.
RoslynAnalysisRunner has terminated.
Mono: successfully reloaded assembly
- Completed reload, in  0.562 seconds
Platform modules already initialized, skipping
Refreshing native plugins compatible for Editor in 0.52 ms, found 1 plugins.
Preloading 0 native plugins for Editor in 0.00 ms.
Unloading 1966 Unused Serialized files (Serialized files now loaded: 0)
System memory in use before: 94.8 MB.
System memory in use after: 94.9 MB.

Unloading 9 unused Assets to reduce memory usage. Loaded Objects now: 2484.
Total: 1.820500 ms (FindLiveObjects: 0.175900 ms CreateObjectMapping: 0.044800 ms MarkObjects: 1.561600 ms  DeleteObjects: 0.037400 ms)

========================================================================
Received Prepare
Registering precompiled user dll's ...
Registered in 0.000512 seconds.
Begin MonoManager ReloadAssembly
Native extension for WindowsStandalone target not found
Native extension for WebGL target not found
Refreshing native plugins compatible for Editor in 0.59 ms, found 1 plugins.
Preloading 0 native plugins for Editor in 0.00 ms.
Invoked RoslynAnalysisRunner static constructor.
RoslynAnalysisRunner will not be running.
RoslynAnalysisRunner has terminated.
Mono: successfully reloaded assembly
- Completed reload, in  0.547 seconds
Platform modules already initialized, skipping
Refreshing native plugins compatible for Editor in 0.55 ms, found 1 plugins.
Preloading 0 native plugins for Editor in 0.00 ms.
Unloading 1966 Unused Serialized files (Serialized files now loaded: 0)
System memory in use before: 94.8 MB.
System memory in use after: 94.9 MB.

Unloading 9 unused Assets to reduce memory usage. Loaded Objects now: 2488.
Total: 2.209800 ms (FindLiveObjects: 0.228700 ms CreateObjectMapping: 0.045500 ms MarkObjects: 1.890300 ms  DeleteObjects: 0.044100 ms)

========================================================================
Received Prepare
Registering precompiled user dll's ...
Registered in 0.000508 seconds.
Begin MonoManager ReloadAssembly
Native extension for WindowsStandalone target not found
Native extension for WebGL target not found
Refreshing native plugins compatible for Editor in 0.56 ms, found 1 plugins.
Preloading 0 native plugins for Editor in 0.00 ms.
Invoked RoslynAnalysisRunner static constructor.
RoslynAnalysisRunner will not be running.
RoslynAnalysisRunner has terminated.
Mono: successfully reloaded assembly
- Completed reload, in  0.546 seconds
Platform modules already initialized, skipping
Refreshing native plugins compatible for Editor in 0.57 ms, found 1 plugins.
Preloading 0 native plugins for Editor in 0.00 ms.
Unloading 1966 Unused Serialized files (Serialized files now loaded: 0)
System memory in use before: 94.8 MB.
System memory in use after: 94.9 MB.

Unloading 9 unused Assets to reduce memory usage. Loaded Objects now: 2492.
Total: 1.967900 ms (FindLiveObjects: 0.183100 ms CreateObjectMapping: 0.058100 ms MarkObjects: 1.685400 ms  DeleteObjects: 0.040600 ms)

========================================================================
Received Prepare
Registering precompiled user dll's ...
Registered in 0.001030 seconds.
Begin MonoManager ReloadAssembly
Native extension for WindowsStandalone target not found
Native extension for WebGL target not found
Refreshing native plugins compatible for Editor in 0.60 ms, found 1 plugins.
Preloading 0 native plugins for Editor in 0.00 ms.
Invoked RoslynAnalysisRunner static constructor.
RoslynAnalysisRunner will not be running.
RoslynAnalysisRunner has terminated.
Mono: successfully reloaded assembly
- Completed reload, in  0.624 seconds
Platform modules already initialized, skipping
Refreshing native plugins compatible for Editor in 0.60 ms, found 1 plugins.
Preloading 0 native plugins for Editor in 0.00 ms.
Unloading 1966 Unused Serialized files (Serialized files now loaded: 0)
System memory in use before: 94.9 MB.
System memory in use after: 94.9 MB.

Unloading 9 unused Assets to reduce memory usage. Loaded Objects now: 2496.
Total: 2.419400 ms (FindLiveObjects: 0.275400 ms CreateObjectMapping: 0.057400 ms MarkObjects: 2.016300 ms  DeleteObjects: 0.069200 ms)

========================================================================
Received Prepare
Registering precompiled user dll's ...
Registered in 0.001076 seconds.
Begin MonoManager ReloadAssembly
Native extension for WindowsStandalone target not found
Native extension for WebGL target not found
Refreshing native plugins compatible for Editor in 0.61 ms, found 1 plugins.
Preloading 0 native plugins for Editor in 0.00 ms.
Invoked RoslynAnalysisRunner static constructor.
RoslynAnalysisRunner will not be running.
RoslynAnalysisRunner has terminated.
Mono: successfully reloaded assembly
- Completed reload, in  0.662 seconds
Platform modules already initialized, skipping
Refreshing native plugins compatible for Editor in 0.59 ms, found 1 plugins.
Preloading 0 native plugins for Editor in 0.00 ms.
Unloading 1966 Unused Serialized files (Serialized files now loaded: 0)
System memory in use before: 94.9 MB.
System memory in use after: 95.0 MB.

Unloading 9 unused Assets to reduce memory usage. Loaded Objects now: 2500.
Total: 2.191500 ms (FindLiveObjects: 0.301700 ms CreateObjectMapping: 0.043400 ms MarkObjects: 1.796100 ms  DeleteObjects: 0.049500 ms)

========================================================================
Received Prepare
Registering precompiled user dll's ...
Registered in 0.000517 seconds.
Begin MonoManager ReloadAssembly
Native extension for WindowsStandalone target not found
Native extension for WebGL target not found
Refreshing native plugins compatible for Editor in 0.56 ms, found 1 plugins.
Preloading 0 native plugins for Editor in 0.00 ms.
Invoked RoslynAnalysisRunner static constructor.
RoslynAnalysisRunner will not be running.
RoslynAnalysisRunner has terminated.
Mono: successfully reloaded assembly
- Completed reload, in  0.546 seconds
Platform modules already initialized, skipping
Refreshing native plugins compatible for Editor in 0.55 ms, found 1 plugins.
Preloading 0 native plugins for Editor in 0.00 ms.
Unloading 1966 Unused Serialized files (Serialized files now loaded: 0)
System memory in use before: 94.9 MB.
System memory in use after: 95.0 MB.

Unloading 9 unused Assets to reduce memory usage. Loaded Objects now: 2504.
Total: 2.325500 ms (FindLiveObjects: 0.226500 ms CreateObjectMapping: 0.051500 ms MarkObjects: 1.996900 ms  DeleteObjects: 0.049400 ms)

========================================================================
Received Prepare
Registering precompiled user dll's ...
Registered in 0.000523 seconds.
Begin MonoManager ReloadAssembly
Native extension for WindowsStandalone target not found
Native extension for WebGL target not found
Refreshing native plugins compatible for Editor in 0.57 ms, found 1 plugins.
Preloading 0 native plugins for Editor in 0.00 ms.
Invoked RoslynAnalysisRunner static constructor.
RoslynAnalysisRunner will not be running.
RoslynAnalysisRunner has terminated.
Mono: successfully reloaded assembly
- Completed reload, in  0.543 seconds
Platform modules already initialized, skipping
Refreshing native plugins compatible for Editor in 0.56 ms, found 1 plugins.
Preloading 0 native plugins for Editor in 0.00 ms.
Unloading 1966 Unused Serialized files (Serialized files now loaded: 0)
System memory in use before: 94.9 MB.
System memory in use after: 95.0 MB.

Unloading 9 unused Assets to reduce memory usage. Loaded Objects now: 2508.
Total: 1.872400 ms (FindLiveObjects: 0.189500 ms CreateObjectMapping: 0.052500 ms MarkObjects: 1.567500 ms  DeleteObjects: 0.062100 ms)

========================================================================
Received Prepare
Registering precompiled user dll's ...
Registered in 0.000496 seconds.
Begin MonoManager ReloadAssembly
Native extension for WindowsStandalone target not found
Native extension for WebGL target not found
Refreshing native plugins compatible for Editor in 0.57 ms, found 1 plugins.
Preloading 0 native plugins for Editor in 0.00 ms.
Invoked RoslynAnalysisRunner static constructor.
RoslynAnalysisRunner will not be running.
RoslynAnalysisRunner has terminated.
Mono: successfully reloaded assembly
- Completed reload, in  0.538 seconds
Platform modules already initialized, skipping
Refreshing native plugins compatible for Editor in 0.56 ms, found 1 plugins.
Preloading 0 native plugins for Editor in 0.00 ms.
Unloading 1966 Unused Serialized files (Serialized files now loaded: 0)
System memory in use before: 94.9 MB.
System memory in use after: 95.0 MB.

Unloading 9 unused Assets to reduce memory usage. Loaded Objects now: 2512.
Total: 2.339200 ms (FindLiveObjects: 0.199600 ms CreateObjectMapping: 0.062900 ms MarkObjects: 2.026500 ms  DeleteObjects: 0.049200 ms)

========================================================================
Received Prepare
Registering precompiled user dll's ...
Registered in 0.000824 seconds.
Begin MonoManager ReloadAssembly
Native extension for WindowsStandalone target not found
Native extension for WebGL target not found
Refreshing native plugins compatible for Editor in 0.61 ms, found 1 plugins.
Preloading 0 native plugins for Editor in 0.00 ms.
Invoked RoslynAnalysisRunner static constructor.
RoslynAnalysisRunner will not be running.
RoslynAnalysisRunner has terminated.
Mono: successfully reloaded assembly
- Completed reload, in  0.645 seconds
Platform modules already initialized, skipping
Refreshing native plugins compatible for Editor in 0.50 ms, found 1 plugins.
Preloading 0 native plugins for Editor in 0.00 ms.
Unloading 1966 Unused Serialized files (Serialized files now loaded: 0)
System memory in use before: 94.9 MB.
System memory in use after: 95.0 MB.

Unloading 9 unused Assets to reduce memory usage. Loaded Objects now: 2516.
Total: 1.831400 ms (FindLiveObjects: 0.189200 ms CreateObjectMapping: 0.046000 ms MarkObjects: 1.557000 ms  DeleteObjects: 0.038400 ms)

========================================================================
Received Prepare
Registering precompiled user dll's ...
Registered in 0.000523 seconds.
Begin MonoManager ReloadAssembly
Native extension for WindowsStandalone target not found
Native extension for WebGL target not found
Refreshing native plugins compatible for Editor in 0.56 ms, found 1 plugins.
Preloading 0 native plugins for Editor in 0.00 ms.
Invoked RoslynAnalysisRunner static constructor.
RoslynAnalysisRunner will not be running.
RoslynAnalysisRunner has terminated.
Mono: successfully reloaded assembly
- Completed reload, in  0.538 seconds
Platform modules already initialized, skipping
Refreshing native plugins compatible for Editor in 0.56 ms, found 1 plugins.
Preloading 0 native plugins for Editor in 0.00 ms.
Unloading 1966 Unused Serialized files (Serialized files now loaded: 0)
System memory in use before: 94.9 MB.
System memory in use after: 95.0 MB.

Unloading 9 unused Assets to reduce memory usage. Loaded Objects now: 2520.
Total: 1.878100 ms (FindLiveObjects: 0.183000 ms CreateObjectMapping: 0.045000 ms MarkObjects: 1.605700 ms  DeleteObjects: 0.043200 ms)

========================================================================
Received Prepare
Registering precompiled user dll's ...
Registered in 0.000672 seconds.
Begin MonoManager ReloadAssembly
Native extension for WindowsStandalone target not found
Native extension for WebGL target not found
Refreshing native plugins compatible for Editor in 0.56 ms, found 1 plugins.
Preloading 0 native plugins for Editor in 0.00 ms.
Invoked RoslynAnalysisRunner static constructor.
RoslynAnalysisRunner will not be running.
RoslynAnalysisRunner has terminated.
Mono: successfully reloaded assembly
- Completed reload, in  0.549 seconds
Platform modules already initialized, skipping
Refreshing native plugins compatible for Editor in 0.54 ms, found 1 plugins.
Preloading 0 native plugins for Editor in 0.00 ms.
Unloading 1966 Unused Serialized files (Serialized files now loaded: 0)
System memory in use before: 94.9 MB.
System memory in use after: 95.0 MB.

Unloading 9 unused Assets to reduce memory usage. Loaded Objects now: 2524.
Total: 1.858900 ms (FindLiveObjects: 0.182000 ms CreateObjectMapping: 0.045200 ms MarkObjects: 1.587600 ms  DeleteObjects: 0.043300 ms)

========================================================================
Received Prepare
Registering precompiled user dll's ...
Registered in 0.000527 seconds.
Begin MonoManager ReloadAssembly
Native extension for WindowsStandalone target not found
Native extension for WebGL target not found
Refreshing native plugins compatible for Editor in 0.55 ms, found 1 plugins.
Preloading 0 native plugins for Editor in 0.00 ms.
Invoked RoslynAnalysisRunner static constructor.
RoslynAnalysisRunner will not be running.
RoslynAnalysisRunner has terminated.
Mono: successfully reloaded assembly
- Completed reload, in  0.554 seconds
Platform modules already initialized, skipping
Refreshing native plugins compatible for Editor in 0.55 ms, found 1 plugins.
Preloading 0 native plugins for Editor in 0.00 ms.
Unloading 1966 Unused Serialized files (Serialized files now loaded: 0)
System memory in use before: 94.9 MB.
System memory in use after: 95.0 MB.

Unloading 9 unused Assets to reduce memory usage. Loaded Objects now: 2528.
Total: 1.807100 ms (FindLiveObjects: 0.147100 ms CreateObjectMapping: 0.044700 ms MarkObjects: 1.572300 ms  DeleteObjects: 0.042000 ms)

AssetImportWorkerClient::OnTransportError - code=2 error=End of file
